<?xml version="1.0" encoding="UTF-8"?>
<testng-results skipped="0" failed="0" ignored="0" total="1" passed="1">
  <reporter-output>
  </reporter-output>
  <suite name="Suite" duration-ms="65" started-at="2019-02-18T10:26:49Z" finished-at="2019-02-18T10:26:49Z">
    <groups>
    </groups>
    <test name="Test" duration-ms="65" started-at="2019-02-18T10:26:49Z" finished-at="2019-02-18T10:26:49Z">
      <class name="testing.ValidateCSV">
        <test-method status="PASS" signature="preCheck()[pri:0, instance:testing.ValidateCSV@2a5ca609]" name="preCheck" is-config="true" duration-ms="17" started-at="2019-02-18T10:26:49Z" finished-at="2019-02-18T10:26:49Z">
          <reporter-output>
          </reporter-output>
        </test-method> <!-- preCheck -->
        <test-method status="PASS" signature="tc()[pri:0, instance:testing.ValidateCSV@2a5ca609]" name="tc" duration-ms="51" started-at="2019-02-18T10:26:49Z" finished-at="2019-02-18T10:26:49Z">
          <reporter-output>
          </reporter-output>
        </test-method> <!-- tc -->
      </class> <!-- testing.ValidateCSV -->
    </test> <!-- Test -->
  </suite> <!-- Suite -->
</testng-results>
